<?xml version="1.0" encoding="UTF-8"?>
<testsuite name="HelloWorldTest" tests="3" skipped="0" failures="0" errors="0" timestamp="2016-02-15T13:25:17" hostname="fernando-laptop" time="0.002">
  <properties/>
  <testcase name="helloNoName" classname="HelloWorldTest" time="0.001"/>
  <testcase name="helloSampleName" classname="HelloWorldTest" time="0.0"/>
  <testcase name="helloAnotherSampleName" classname="HelloWorldTest" time="0.0"/>
  <system-out><![CDATA[]]></system-out>
  <system-err><![CDATA[]]></system-err>
</testsuite>
